-------------------------------------------------------------------------------
Test set: ch.heigvd.amt.gestioncours.spec.SpecificationTest
-------------------------------------------------------------------------------
Tests run: 5, Failures: 0, Errors: 2, Skipped: 1, Time elapsed: 10.369 sec <<< FAILURE!
When I POST it to the /subjects endpoint(Scenario: create a subject)  Time elapsed: 0.007 sec  <<< ERROR!
java.lang.IllegalArgumentException: Expected URL scheme 'http' or 'https' but no colon was found
	at okhttp3.HttpUrl$Builder.parse$okhttp(HttpUrl.kt:1257)
	at okhttp3.HttpUrl$Companion.get(HttpUrl.kt:1630)
	at okhttp3.Request$Builder.url(Request.kt:184)
	at ch.heigvd.amt.gestioncours.ApiClient.buildRequest(ApiClient.java:1024)
	at ch.heigvd.amt.gestioncours.ApiClient.buildCall(ApiClient.java:999)
	at ch.heigvd.amt.gestioncours.api.DefaultApi.createSubjectCall(DefaultApi.java:219)
	at ch.heigvd.amt.gestioncours.api.DefaultApi.createSubjectValidateBeforeCall(DefaultApi.java:231)
	at ch.heigvd.amt.gestioncours.api.DefaultApi.createSubjectWithHttpInfo(DefaultApi.java:270)
	at ch.heigvd.amt.gestioncours.spec.steps.CreationSteps.i_POST_it_to_the_subjects_endpoint(CreationSteps.java:49)
	at ✽.When I POST it to the /subjects endpoint(creation.feature:8)

Scenario: create a subject  Time elapsed: 0.007 sec  <<< ERROR!
java.lang.IllegalArgumentException: Expected URL scheme 'http' or 'https' but no colon was found
	at okhttp3.HttpUrl$Builder.parse$okhttp(HttpUrl.kt:1257)
	at okhttp3.HttpUrl$Companion.get(HttpUrl.kt:1630)
	at okhttp3.Request$Builder.url(Request.kt:184)
	at ch.heigvd.amt.gestioncours.ApiClient.buildRequest(ApiClient.java:1024)
	at ch.heigvd.amt.gestioncours.ApiClient.buildCall(ApiClient.java:999)
	at ch.heigvd.amt.gestioncours.api.DefaultApi.createSubjectCall(DefaultApi.java:219)
	at ch.heigvd.amt.gestioncours.api.DefaultApi.createSubjectValidateBeforeCall(DefaultApi.java:231)
	at ch.heigvd.amt.gestioncours.api.DefaultApi.createSubjectWithHttpInfo(DefaultApi.java:270)
	at ch.heigvd.amt.gestioncours.spec.steps.CreationSteps.i_POST_it_to_the_subjects_endpoint(CreationSteps.java:49)
	at ✽.When I POST it to the /subjects endpoint(creation.feature:8)

