<?xml version="1.0" encoding="UTF-8" ?>
<testsuite tests="25" failures="4" name="ch.heigvd.amt.gestioncours.spec.SpecificationTest" time="0.213" errors="2" skipped="8">
  <properties>
[...]
</properties>
  <testcase classname="Scenario: create a enrollment" name="Given I have a enrollment payload" time="0.009"/>
  <testcase classname="Scenario: create a enrollment" name="When I POST it to the /enrollments endpoint" time="0"/>
  <testcase classname="Scenario: create a enrollment" name="Then I receive a 201 status code" time="0.011">
    <failure message="expected:&lt;201&gt; but was:&lt;0&gt;" type="java.lang.AssertionError">java.lang.AssertionError: expected:&lt;201&gt; but was:&lt;0&gt;
	at org.junit.Assert.fail(Assert.java:88)
	at org.junit.Assert.failNotEquals(Assert.java:834)
	at org.junit.Assert.assertEquals(Assert.java:645)
	at org.junit.Assert.assertEquals(Assert.java:631)
	at ch.heigvd.amt.gestioncours.spec.steps.EnrollmentSteps.i_receive_a_status_code(EnrollmentSteps.java:67)
	at ✽.Then I receive a 201 status code(enrollment.feature:6)
</failure>
  </testcase>
  <testcase classname="Scenario: create a enrollment" name="Scenario: create a enrollment" time="0.012">
    <failure message="expected:&lt;201&gt; but was:&lt;0&gt;" type="java.lang.AssertionError">java.lang.AssertionError: expected:&lt;201&gt; but was:&lt;0&gt;
	at org.junit.Assert.fail(Assert.java:88)
	at org.junit.Assert.failNotEquals(Assert.java:834)
	at org.junit.Assert.assertEquals(Assert.java:645)
	at org.junit.Assert.assertEquals(Assert.java:631)
	at ch.heigvd.amt.gestioncours.spec.steps.EnrollmentSteps.i_receive_a_status_code(EnrollmentSteps.java:67)
	at ✽.Then I receive a 201 status code(enrollment.feature:6)
</failure>
  </testcase>
  <testcase classname="Scenario: Delete enrollment" name="Given there exists a enrollment" time="0"/>
  <testcase classname="Scenario: Delete enrollment" name="When I delete the enrollment" time="0">
    <error type="java.lang.NullPointerException">java.lang.NullPointerException
	at ch.heigvd.amt.gestioncours.spec.steps.EnrollmentSteps.i_delete_the_user(EnrollmentSteps.java:92)
	at ✽.When I delete the enrollment(enrollment.feature:10)
</error>
  </testcase>
  <testcase classname="Scenario: Delete enrollment" name="Scenario: Delete enrollment" time="0.001">
    <error type="java.lang.NullPointerException">java.lang.NullPointerException
	at ch.heigvd.amt.gestioncours.spec.steps.EnrollmentSteps.i_delete_the_user(EnrollmentSteps.java:92)
	at ✽.When I delete the enrollment(enrollment.feature:10)
</error>
  </testcase>
  <testcase classname="Scenario: Delete enrollment" name="Then I get a &apos;OK&apos; response" time="0.007">
    <skipped/>
  </testcase>
  <testcase classname="Scenario: create a subject" name="Given there is a Subjects server" time="0"/>
  <testcase classname="Scenario: create a subject" name="Given I have a subject payload" time="0"/>
  <testcase classname="Scenario: create a subject" name="When I POST it to the /subjects endpoint" time="0"/>
  <testcase classname="Scenario: create a subject" name="Then I receive a 201 status code" time="0.001">
    <failure message="expected:&lt;201&gt; but was:&lt;0&gt;" type="java.lang.AssertionError">java.lang.AssertionError: expected:&lt;201&gt; but was:&lt;0&gt;
	at org.junit.Assert.fail(Assert.java:88)
	at org.junit.Assert.failNotEquals(Assert.java:834)
	at org.junit.Assert.assertEquals(Assert.java:645)
	at org.junit.Assert.assertEquals(Assert.java:631)
	at ch.heigvd.amt.gestioncours.spec.steps.EnrollmentSteps.i_receive_a_status_code(EnrollmentSteps.java:67)
	at ✽.Then I receive a 201 status code(subject.feature:9)
</failure>
  </testcase>
  <testcase classname="Scenario: create a subject" name="Scenario: create a subject" time="0.002">
    <failure message="expected:&lt;201&gt; but was:&lt;0&gt;" type="java.lang.AssertionError">java.lang.AssertionError: expected:&lt;201&gt; but was:&lt;0&gt;
	at org.junit.Assert.fail(Assert.java:88)
	at org.junit.Assert.failNotEquals(Assert.java:834)
	at org.junit.Assert.assertEquals(Assert.java:645)
	at org.junit.Assert.assertEquals(Assert.java:631)
	at ch.heigvd.amt.gestioncours.spec.steps.EnrollmentSteps.i_receive_a_status_code(EnrollmentSteps.java:67)
	at ✽.Then I receive a 201 status code(subject.feature:9)
</failure>
  </testcase>
  <testcase classname="Scenario: Get subject" name="Given there is a Subjects server" time="0"/>
  <testcase classname="Scenario: Get subject" name="Given I  GET an existing subject" time="0"/>
  <testcase classname="Scenario: Get subject" name="When I get a subject" time="0.001"/>
  <testcase classname="Scenario: Get subject" name="Then I receive  200 status code" time="0.031">
    <skipped/>
  </testcase>
  <testcase classname="Scenario: Get subject" name="Scenario: Get subject" time="0.032">
    <skipped/>
  </testcase>
  <testcase classname="Scenario: Get subject" name="Scenario: Get subject" time="0.032"/>
  <testcase classname="Scenario: Get subject" name="Given I Set GET subject service api endpoint" time="0">
    <skipped/>
    <system-out>
  Scenario: Get subject              &amp;#27;[90m# subject.feature:11&amp;#27;[0m
    &amp;#27;[32mGiven &amp;#27;[0m&amp;#27;[32mI  GET an existing subject&amp;#27;[0m &amp;#27;[90m# SubjectSteps.i_GET_an_existing_subject()&amp;#27;[0m
    &amp;#27;[32mWhen &amp;#27;[0m&amp;#27;[32mI get a subject&amp;#27;[0m             &amp;#27;[90m# SubjectSteps.i_get_a_subject()&amp;#27;[0m
    &amp;#27;[33mThen &amp;#27;[0m&amp;#27;[33mI receive  &amp;#27;[0m&amp;#27;[33m&amp;#27;[1m200&amp;#27;[0m&amp;#27;[33m status code&amp;#27;[0m  &amp;#27;[90m# SubjectsCRUDSteps.i_receive_status_code(int)&amp;#27;[0m
      &amp;#27;[31mcucumber.api.PendingException: TODO: implement me
      	at ch.heigvd.amt.gestioncours.spec.steps.SubjectsCRUDSteps.i_receive_status_code(SubjectsCRUDSteps.java:64)
      	at ?.Then I receive  200 status code(subject.feature:14)
      &amp;#27;[0m
Feature: Test CRUD methods in subject
</system-out>
  </testcase>
  <testcase classname="Scenario: Get subject" name="When I Set request HEADER" time="0">
    <skipped/>
  </testcase>
  <testcase classname="Scenario: Get subject" name="And Send GET HTTP request" time="0">
    <skipped/>
  </testcase>
  <testcase classname="Scenario: Get subject" name="Then I receive  200 status code" time="0.024">
    <skipped/>
  </testcase>
  <testcase classname="Scenario: Get subject" name="Scenario: Get subject" time="0.025">
    <skipped/>
  </testcase>
  <testcase classname="Scenario: Get subject" name="Scenario: Get subject" time="0.025"/>
</testsuite>