<?xml version="1.0" encoding="UTF-8" ?>
<testsuite tests="5" failures="0" name="ch.heigvd.amt.gestioncours.spec.SpecificationTest" time="0.037" errors="2" skipped="1">
  <properties>
[...]
</properties>
  <testcase classname="Scenario: create a subject" name="Given there is a Subjects server" time="0.016"/>
  <testcase classname="Scenario: create a subject" name="Given I have a subject payload" time="0"/>
  <testcase classname="Scenario: create a subject" name="When I POST it to the /subjects endpoint" time="0.007">
    <error message="Expected URL scheme &apos;http&apos; or &apos;https&apos; but no colon was found" type="java.lang.IllegalArgumentException">java.lang.IllegalArgumentException: Expected URL scheme &apos;http&apos; or &apos;https&apos; but no colon was found
	at okhttp3.HttpUrl$Builder.parse$okhttp(HttpUrl.kt:1257)
	at okhttp3.HttpUrl$Companion.get(HttpUrl.kt:1630)
	at okhttp3.Request$Builder.url(Request.kt:184)
	at ch.heigvd.amt.gestioncours.ApiClient.buildRequest(ApiClient.java:1024)
	at ch.heigvd.amt.gestioncours.ApiClient.buildCall(ApiClient.java:999)
	at ch.heigvd.amt.gestioncours.api.DefaultApi.createSubjectCall(DefaultApi.java:219)
	at ch.heigvd.amt.gestioncours.api.DefaultApi.createSubjectValidateBeforeCall(DefaultApi.java:231)
	at ch.heigvd.amt.gestioncours.api.DefaultApi.createSubjectWithHttpInfo(DefaultApi.java:270)
	at ch.heigvd.amt.gestioncours.spec.steps.CreationSteps.i_POST_it_to_the_subjects_endpoint(CreationSteps.java:49)
	at ✽.When I POST it to the /subjects endpoint(creation.feature:8)
</error>
  </testcase>
  <testcase classname="Scenario: create a subject" name="Scenario: create a subject" time="0.007">
    <error message="Expected URL scheme &apos;http&apos; or &apos;https&apos; but no colon was found" type="java.lang.IllegalArgumentException">java.lang.IllegalArgumentException: Expected URL scheme &apos;http&apos; or &apos;https&apos; but no colon was found
	at okhttp3.HttpUrl$Builder.parse$okhttp(HttpUrl.kt:1257)
	at okhttp3.HttpUrl$Companion.get(HttpUrl.kt:1630)
	at okhttp3.Request$Builder.url(Request.kt:184)
	at ch.heigvd.amt.gestioncours.ApiClient.buildRequest(ApiClient.java:1024)
	at ch.heigvd.amt.gestioncours.ApiClient.buildCall(ApiClient.java:999)
	at ch.heigvd.amt.gestioncours.api.DefaultApi.createSubjectCall(DefaultApi.java:219)
	at ch.heigvd.amt.gestioncours.api.DefaultApi.createSubjectValidateBeforeCall(DefaultApi.java:231)
	at ch.heigvd.amt.gestioncours.api.DefaultApi.createSubjectWithHttpInfo(DefaultApi.java:270)
	at ch.heigvd.amt.gestioncours.spec.steps.CreationSteps.i_POST_it_to_the_subjects_endpoint(CreationSteps.java:49)
	at ✽.When I POST it to the /subjects endpoint(creation.feature:8)
</error>
  </testcase>
  <testcase classname="Scenario: create a subject" name="Then I receive a 201 status code" time="0.007">
    <skipped/>
  </testcase>
</testsuite>